  Enemy.cpp
C:\HowSFML\SFMLproject\SFMLproject\SFMLproject\Screen.h(11,37): warning C4244: 'initializing': conversion from 'double' to 'const unsigned char', possible loss of data
C:\HowSFML\SFMLproject\SFMLproject\SFMLproject\Enemy.cpp(281,36): warning C4244: 'argument': conversion from 'int' to 'float', possible loss of data
C:\HowSFML\SFMLproject\SFMLproject\SFMLproject\Enemy.cpp(281,29): warning C4244: 'argument': conversion from 'int' to 'float', possible loss of data
C:\HowSFML\SFMLproject\SFMLproject\SFMLproject\Enemy.cpp(282,39): warning C4244: 'argument': conversion from 'int' to 'float', possible loss of data
C:\HowSFML\SFMLproject\SFMLproject\SFMLproject\Enemy.cpp(282,29): warning C4244: 'argument': conversion from 'int' to 'float', possible loss of data
C:\HowSFML\SFMLproject\SFMLproject\SFMLproject\Enemy.cpp(304,51): warning C4305: 'argument': truncation from 'int' to 'sf::Uint8'
C:\HowSFML\SFMLproject\SFMLproject\SFMLproject\Enemy.cpp(304,42): warning C4309: 'argument': truncation of constant value
C:\HowSFML\SFMLproject\SFMLproject\SFMLproject\Enemy.cpp(305,51): warning C4305: 'argument': truncation from 'int' to 'sf::Uint8'
C:\HowSFML\SFMLproject\SFMLproject\SFMLproject\Enemy.cpp(305,42): warning C4309: 'argument': truncation of constant value
C:\HowSFML\SFMLproject\SFMLproject\SFMLproject\Enemy.cpp(326,52): warning C4305: 'argument': truncation from 'int' to 'sf::Uint8'
C:\HowSFML\SFMLproject\SFMLproject\SFMLproject\Enemy.cpp(326,43): warning C4309: 'argument': truncation of constant value
C:\HowSFML\SFMLproject\SFMLproject\SFMLproject\Enemy.cpp(328,52): warning C4305: 'argument': truncation from 'int' to 'sf::Uint8'
C:\HowSFML\SFMLproject\SFMLproject\SFMLproject\Enemy.cpp(328,43): warning C4309: 'argument': truncation of constant value
C:\HowSFML\SFMLproject\SFMLproject\SFMLproject\Enemy.cpp(444,43): warning C4267: 'argument': conversion from 'size_t' to 'unsigned char', possible loss of data
  User.cpp
C:\HowSFML\SFMLproject\SFMLproject\SFMLproject\Screen.h(11,37): warning C4244: 'initializing': conversion from 'double' to 'const unsigned char', possible loss of data
C:\HowSFML\SFMLproject\SFMLproject\SFMLproject\User.cpp(44,31): warning C4244: 'argument': conversion from 'int' to 'float', possible loss of data
C:\HowSFML\SFMLproject\SFMLproject\SFMLproject\User.cpp(44,24): warning C4244: 'argument': conversion from 'int' to 'float', possible loss of data
  main.cpp
C:\HowSFML\SFMLproject\SFMLproject\SFMLproject\Screen.h(11,37): warning C4244: 'initializing': conversion from 'double' to 'const unsigned char', possible loss of data
C:\HowSFML\SFMLproject\SFMLproject\SFMLproject\main.cpp(21,12): warning C4244: 'argument': conversion from 'time_t' to 'unsigned int', possible loss of data
C:\HowSFML\SFMLproject\SFMLproject\SFMLproject\main.cpp(59,17): warning C4244: 'initializing': conversion from 'sf::Int64' to 'float', possible loss of data
C:\HowSFML\SFMLproject\SFMLproject\SFMLproject\main.cpp(61,11): warning C4244: '+=': conversion from 'float' to 'unsigned int', possible loss of data
  Generating Code...
  SFMLproject.vcxproj -> C:\HowSFML\SFMLproject\SFMLproject\x64\Debug\SFMLproject.exe
